Unity Editor version:    2020.3.32f1 (12f8b0834f07)
Branch:                  2020.3/staging
Build type:              Release
Batch mode:              YES
macOS version:           Version 12.2.1 (Build 21D62)
Darwin version:          21.3.0
Architecture:            x86_64
Running under Rosetta:   NO
Available memory:        65536 MB
Using pre-set license
Pro License: NO

COMMAND LINE ARGUMENTS:
/Applications/Unity/Hub/Editor/2020.3.32f1/Unity.app/Contents/MacOS/Unity
-adb2
-batchMode
-noUpm
-name
AssetImportWorker0
-projectPath
/Users/dominic/Documents/ZHdK/2.SEM/Multilineares Storytelling 1/Unity/Sound_Island
-logFile
Logs/AssetImportWorker0.log
-srvPort
49961
Successfully changed project path to: /Users/dominic/Documents/ZHdK/2.SEM/Multilineares Storytelling 1/Unity/Sound_Island
/Users/dominic/Documents/ZHdK/2.SEM/Multilineares Storytelling 1/Unity/Sound_Island
Using Asset Import Pipeline V2.
Refreshing native plugins compatible for Editor in 43.10 ms, found 4 plugins.
Preloading 0 native plugins for Editor in 0.00 ms.
Initialize engine version: 2020.3.32f1 (12f8b0834f07)
[Subsystems] Discovering subsystems at path /Applications/Unity/Hub/Editor/2020.3.32f1/Unity.app/Contents/Resources/UnitySubsystems
[Subsystems] Discovering subsystems at path /Users/dominic/Documents/ZHdK/2.SEM/Multilineares Storytelling 1/Unity/Sound_Island/Assets
GfxDevice: creating device client; threaded=0
2022-04-11 14:29:24.958 Unity[4565:132017] iMac preferred device: AMD Radeon Pro 5500M (high power)
2022-04-11 14:29:24.958 Unity[4565:132017] Metal devices available: 2
2022-04-11 14:29:24.958 Unity[4565:132017] 0: AMD Radeon Pro 5500M (high power)
2022-04-11 14:29:24.958 Unity[4565:132017] 1: Intel(R) UHD Graphics 630 (low power)
2022-04-11 14:29:24.958 Unity[4565:132017] Using device AMD Radeon Pro 5500M (high power)
Initializing Metal device caps: AMD Radeon Pro 5500M
Initialize mono
Mono path[0] = '/Applications/Unity/Hub/Editor/2020.3.32f1/Unity.app/Contents/Managed'
Mono path[1] = '/Applications/Unity/Hub/Editor/2020.3.32f1/Unity.app/Contents/MonoBleedingEdge/lib/mono/unityjit'
Mono config path = '/Applications/Unity/Hub/Editor/2020.3.32f1/Unity.app/Contents/MonoBleedingEdge/etc'
Using monoOptions --debugger-agent=transport=dt_socket,embedding=1,server=y,suspend=n,address=127.0.0.1:56565
Begin MonoManager ReloadAssembly
Registering precompiled unity dll's ...
Register platform support module: /Applications/Unity/Hub/Editor/2020.3.32f1/Unity.app/Contents/PlaybackEngines/MacStandaloneSupport/UnityEditor.OSXStandalone.Extensions.dll
Registered in 0.000308 seconds.
Native extension for OSXStandalone target not found
Refreshing native plugins compatible for Editor in 35.00 ms, found 4 plugins.
Preloading 0 native plugins for Editor in 0.00 ms.
Mono: successfully reloaded assembly
- Completed reload, in  0.667 seconds
Domain Reload Profiling:
	ReloadAssembly (667ms)
		BeginReloadAssembly (50ms)
			ExecutionOrderSort (0ms)
			DisableScriptedObjects (0ms)
			BackupInstance (0ms)
			ReleaseScriptingObjects (0ms)
			CreateAndSetChildDomain (1ms)
		EndReloadAssembly (540ms)
			LoadAssemblies (48ms)
			RebuildTransferFunctionScriptingTraits (0ms)
			SetupTypeCache (192ms)
			ReleaseScriptCaches (0ms)
			RebuildScriptCaches (44ms)
			SetupLoadedEditorAssemblies (205ms)
				LogAssemblyErrors (0ms)
				InitializePlatformSupportModulesInManaged (5ms)
				SetLoadedEditorAssemblies (0ms)
				RefreshPlugins (35ms)
				BeforeProcessingInitializeOnLoad (11ms)
				ProcessInitializeOnLoadAttributes (117ms)
				ProcessInitializeOnLoadMethodAttributes (35ms)
				AfterProcessingInitializeOnLoad (0ms)
				EditorAssembliesLoaded (0ms)
			ExecutionOrderSort2 (0ms)
			AwakeInstancesAfterBackupRestoration (0ms)
Platform modules already initialized, skipping
Registering precompiled user dll's ...
Registered in 0.001845 seconds.
Begin MonoManager ReloadAssembly
Native extension for OSXStandalone target not found
Refreshing native plugins compatible for Editor in 0.60 ms, found 4 plugins.
Preloading 0 native plugins for Editor in 0.00 ms.
Mono: successfully reloaded assembly
- Completed reload, in  1.152 seconds
Domain Reload Profiling:
	ReloadAssembly (1153ms)
		BeginReloadAssembly (159ms)
			ExecutionOrderSort (0ms)
			DisableScriptedObjects (6ms)
			BackupInstance (0ms)
			ReleaseScriptingObjects (0ms)
			CreateAndSetChildDomain (26ms)
		EndReloadAssembly (931ms)
			LoadAssemblies (78ms)
			RebuildTransferFunctionScriptingTraits (0ms)
			SetupTypeCache (321ms)
			ReleaseScriptCaches (0ms)
			RebuildScriptCaches (64ms)
			SetupLoadedEditorAssemblies (351ms)
				LogAssemblyErrors (0ms)
				InitializePlatformSupportModulesInManaged (4ms)
				SetLoadedEditorAssemblies (0ms)
				RefreshPlugins (1ms)
				BeforeProcessingInitializeOnLoad (72ms)
				ProcessInitializeOnLoadAttributes (262ms)
				ProcessInitializeOnLoadMethodAttributes (10ms)
				AfterProcessingInitializeOnLoad (1ms)
				EditorAssembliesLoaded (0ms)
			ExecutionOrderSort2 (0ms)
			AwakeInstancesAfterBackupRestoration (7ms)
Platform modules already initialized, skipping
Validating Project structure ... 0.002991 seconds.
Shader import version has changed; will reimport all shaders...
Upgrading shader files ...0.004975 seconds.
Application.AssetDatabase Initial Script Refresh Start
RefreshInfo: InitialScriptRefreshV2(NoUpdateAssetOptions) scanfilter:  ... 1 filters
RefreshProfiler: Total: 0.000ms
Application.AssetDatabase Initial Script Refresh End
Application.AssetDatabase.Refresh Start
Application.AssetDatabase.Refresh End
RefreshInfo: StopAssetImportingV2(ForceSynchronousImport) scanfilter: 
RefreshProfiler: Total: 0.000ms
Launching external process: /Applications/Unity/Hub/Editor/2020.3.32f1/Unity.app/Contents/Tools/UnityShaderCompiler
Launched and connected shader compiler UnityShaderCompiler after 0.01 seconds
Initializing Unity extensions:
2022-04-11 14:29:27.397 Unity[4565:132017] NSEventModifierFlagFunction specified to -setKeyEquivalentModifierMask: for item <NSMenuItem: 0x600000a76ed0 Font Asset, ke='Command-F12'>, but is only supported for system-provided menu items; will not be used
2022-04-11 14:29:27.400 Unity[4565:132017] NSEventModifierFlagFunction specified to -setKeyEquivalentModifierMask: for item <NSMenuItem: 0x600000a47480 Font Asset, ke='Command-F12'>, but is only supported for system-provided menu items; will not be used
========================================================================
Worker process is ready to serve import requests
Refreshing native plugins compatible for Editor in 0.63 ms, found 4 plugins.
Preloading 0 native plugins for Editor in 0.00 ms.
Unloading 1633 Unused Serialized files (Serialized files now loaded: 0)
System memory in use before: 186.8 MB.
System memory in use after: 186.0 MB.

Unloading 142 unused Assets to reduce memory usage. Loaded Objects now: 2053.
Total: 3.281934 ms (FindLiveObjects: 0.127532 ms CreateObjectMapping: 0.052756 ms MarkObjects: 2.583513 ms  DeleteObjects: 0.517500 ms)

AssetImportParameters requested are different than current active one (requested -> active):
  custom:video-decoder-ogg-theora: a1e56fd34408186e4bbccfd4996cb3dc -> 
  custom:container-muxer-webm: aa71ff27fc2769a1b78a27578f13a17b -> 
  custom:container-demuxer-webm: 4f35f7cbe854078d1ac9338744f61a02 -> 
  custom:container-demuxer-ogg: 62fdf1f143b41e24485cea50d1cbac27 -> 
  custom:video-encoder-webm-vp8: eb34c28f22e8b96e1ab97ce403110664 -> 
  custom:framework-osx-AVFoundation: e770b220cccbd017edd2c1fefb359320 -> 
  custom:video-decoder-webm-vp8: 9c59270c3fd7afecdb556c50c9e8de78 -> 
  custom:audio-decoder-ogg-vorbis: bf7c407c2cedff20999df2af8eb42d56 -> 
  custom:audio-encoder-webm-vorbis: bf7c407c2cedff20999df2af8eb42d56 -> 
========================================================================
Received Import Request.
  path: Assets/Prefabs/Player/Main Camera.prefab
  artifactKey: Guid(be12247f4ca74443abf7c394560e906d) Importer(815301076,1909f56bfc062723c751e8b465ee728b)
Start importing Assets/Prefabs/Player/Main Camera.prefab using Guid(be12247f4ca74443abf7c394560e906d) Importer(815301076,1909f56bfc062723c751e8b465ee728b)  -> (artifact id: 'e1db22837382e99243cce399d66f98c5') in 0.121389 seconds 
========================================================================
Received Import Request.
  Time since last request: 13.276319 seconds.
  path: Assets/Prefabs/Environment/Forest
  artifactKey: Guid(ce0f61f6aad1a49d6bf8e7da017ebd95) Importer(815301076,1909f56bfc062723c751e8b465ee728b)
Start importing Assets/Prefabs/Environment/Forest using Guid(ce0f61f6aad1a49d6bf8e7da017ebd95) Importer(815301076,1909f56bfc062723c751e8b465ee728b)  -> (artifact id: '290cc59402c93ec0c70cfb28026ac1ba') in 0.001593 seconds 
========================================================================
Received Import Request.
  Time since last request: 171.744590 seconds.
  path: Assets/Prefabs/Environment/Forest/Birds.Test.prefab
  artifactKey: Guid(f3b489bc43a244832afe67dd6aa0c6f0) Importer(815301076,1909f56bfc062723c751e8b465ee728b)
Start importing Assets/Prefabs/Environment/Forest/Birds.Test.prefab using Guid(f3b489bc43a244832afe67dd6aa0c6f0) Importer(815301076,1909f56bfc062723c751e8b465ee728b)  -> (artifact id: '314b8baa7677d0e6de063285ca77c6bf') in 0.005989 seconds 
========================================================================
Received Import Request.
  Time since last request: 2009.924578 seconds.
  path: Assets/Prefabs
  artifactKey: Guid(8f7e1d5a7b7984e6eac8c904d161e295) Importer(815301076,1909f56bfc062723c751e8b465ee728b)
Start importing Assets/Prefabs using Guid(8f7e1d5a7b7984e6eac8c904d161e295) Importer(815301076,1909f56bfc062723c751e8b465ee728b)  -> (artifact id: '99466e72fb21e94b759a2c40c6b6e04d') in 0.001496 seconds 
========================================================================
Received Import Request.
  Time since last request: 21.808667 seconds.
  path: Assets/Prefabs/Planes
  artifactKey: Guid(f4e151503bf744cde8755fa88373d853) Importer(815301076,1909f56bfc062723c751e8b465ee728b)
Start importing Assets/Prefabs/Planes using Guid(f4e151503bf744cde8755fa88373d853) Importer(815301076,1909f56bfc062723c751e8b465ee728b)  -> (artifact id: 'ba227f1a4d9fb7679d52a3c72e694d15') in 0.001292 seconds 
========================================================================
Received Import Request.
  Time since last request: 3.870351 seconds.
  path: Assets/Prefabs/Planes/Plane.prefab
  artifactKey: Guid(caec53b471a3f45a2aea4e53805f2eba) Importer(815301076,1909f56bfc062723c751e8b465ee728b)
Start importing Assets/Prefabs/Planes/Plane.prefab using Guid(caec53b471a3f45a2aea4e53805f2eba) Importer(815301076,1909f56bfc062723c751e8b465ee728b)  -> (artifact id: 'e8cc5fc9cde6aa1fc37dbb233c99fe03') in 0.050305 seconds 
========================================================================
Received Import Request.
  Time since last request: 92.104550 seconds.
  path: Assets/Prefabs/Planes/New Material.mat
  artifactKey: Guid(03d4634f83b4a4b01aac8532d42bb186) Importer(815301076,1909f56bfc062723c751e8b465ee728b)
Start importing Assets/Prefabs/Planes/New Material.mat using Guid(03d4634f83b4a4b01aac8532d42bb186) Importer(815301076,1909f56bfc062723c751e8b465ee728b)  -> (artifact id: '3f2cb6caf7d8083c9f7612dee15c495a') in 0.106243 seconds 
========================================================================
Received Import Request.
  Time since last request: 29.294411 seconds.
  path: Assets/Prefabs/Planes/Forest_Material.mat
  artifactKey: Guid(03d4634f83b4a4b01aac8532d42bb186) Importer(815301076,1909f56bfc062723c751e8b465ee728b)
Start importing Assets/Prefabs/Planes/Forest_Material.mat using Guid(03d4634f83b4a4b01aac8532d42bb186) Importer(815301076,1909f56bfc062723c751e8b465ee728b)  -> (artifact id: '5b95a7b097477e9aea6031f1f650e556') in 0.010536 seconds 
========================================================================
Received Import Request.
  Time since last request: 16.795614 seconds.
  path: Assets/Prefabs/Planes/Plane.prefab
  artifactKey: Guid(caec53b471a3f45a2aea4e53805f2eba) Importer(815301076,1909f56bfc062723c751e8b465ee728b)
Start importing Assets/Prefabs/Planes/Plane.prefab using Guid(caec53b471a3f45a2aea4e53805f2eba) Importer(815301076,1909f56bfc062723c751e8b465ee728b)  -> (artifact id: '13a469d498e3bea3b1eddb17e6063b20') in 0.010065 seconds 
========================================================================
Received Import Request.
  Time since last request: 57.694734 seconds.
  path: ProjectSettings/TagManager.asset
  artifactKey: Guid(00000000000000003000000000000000) Importer(815301076,1909f56bfc062723c751e8b465ee728b)
Start importing ProjectSettings/TagManager.asset using Guid(00000000000000003000000000000000) Importer(815301076,1909f56bfc062723c751e8b465ee728b)  -> (artifact id: 'ce6a35c3cddc746e7501c0bd0ed6d4ce') in 0.087512 seconds 
========================================================================
Received Import Request.
  Time since last request: 16.168495 seconds.
  path: Assets/Prefabs/Environment/Forest/Birds.Test.prefab
  artifactKey: Guid(f3b489bc43a244832afe67dd6aa0c6f0) Importer(815301076,1909f56bfc062723c751e8b465ee728b)
Start importing Assets/Prefabs/Environment/Forest/Birds.Test.prefab using Guid(f3b489bc43a244832afe67dd6aa0c6f0) Importer(815301076,1909f56bfc062723c751e8b465ee728b)  -> (artifact id: 'c8d233889f72c1e75d4a962fab4c0e94') in 0.004597 seconds 
